Command line:
   mALUStructure_isim_beh.exe
     -simmode  gui
     -simrunnum  0
     -socket  48153

Sun Nov  5 00:43:11 2017


 Elaboration Time: 0.01 sec

 Current Memory Usage: 196.235 Meg

 Total Signals          : 16
 Total Nets             : 26
 Total Signal Drivers   : 8
 Total Blocks           : 2
 Total Primitive Blocks : 2
 Total Processes        : 10
 Total Traceable Variables  : 23
 Total Scalar Nets and Variables : 147
Total Line Count : 32

 Total Simulation Time: 0.02 sec

 Current Memory Usage: 271.737 Meg

Sun Nov  5 00:43:17 2017

