Command line:
   Sim_isim_beh.exe
     -simmode  gui
     -simrunnum  0
     -socket  56769

Thu Oct 19 09:52:30 2017


 Elaboration Time: 0.02 sec

 Current Memory Usage: 196.239 Meg

 Total Signals          : 20
 Total Nets             : 18
 Total Signal Drivers   : 10
 Total Blocks           : 3
 Total Primitive Blocks : 2
 Total Processes        : 12
 Total Traceable Variables  : 21
 Total Scalar Nets and Variables : 101
Total Line Count : 28

 Total Simulation Time: 0.1 sec

 Current Memory Usage: 271.741 Meg

Thu Oct 19 10:03:17 2017

