Running: /opt/Xilinx/14.7/ISE_DS/ISE/bin/lin64/unwrapped/fuse -intstyle ise -incremental -lib unisims_ver -lib unimacro_ver -lib xilinxcorelib_ver -o /home/work/Documents/UC/Freshman/EECE2060C/Labs/Lab6/TaskOne/mALUTesting_isim_beh.exe -prj /home/work/Documents/UC/Freshman/EECE2060C/Labs/Lab6/TaskOne/mALUTesting_beh.prj work.mALUTesting work.glbl 
ISim P.20131013 (signature 0xfbc00daa)
Number of CPUs detected in this system: 4
Turning on mult-threading, number of parallel sub-compilation jobs: 8 
Determining compilation order of HDL files
Analyzing Verilog file "/home/work/Documents/UC/Freshman/EECE2060C/Labs/Lab6/TaskOne/mALUStructure.v" into library work
Analyzing Verilog file "/home/work/Documents/UC/Freshman/EECE2060C/Labs/Lab6/TaskOne/mALUTesting.v" into library work
Analyzing Verilog file "/opt/Xilinx/14.7/ISE_DS/ISE//verilog/src/glbl.v" into library work
Starting static elaboration
Completed static elaboration
Fuse Memory Usage: 94688 KB
Fuse CPU Usage: 990 ms
Compiling module mALUStructure
Compiling module mALUTesting
Compiling module glbl
Time Resolution for simulation is 1ps.
Waiting for 1 sub-compilation(s) to finish...
Compiled 3 Verilog Units
Built simulation executable /home/work/Documents/UC/Freshman/EECE2060C/Labs/Lab6/TaskOne/mALUTesting_isim_beh.exe
Fuse Memory Usage: 654888 KB
Fuse CPU Usage: 1010 ms
GCC CPU Usage: 280 ms
